Prayers API listening on port 3000 (API base: /api/prayers)
[0mGET /api/prayers/2025-11-24 [32m200[0m 2055.122 ms - 46[0m
[0mGET /api/prayers/2025-11-24 [36m304[0m 150.473 ms - -[0m
[0mPOST /api/prayers [32m200[0m 319.654 ms - 87[0m
[0mGET /api/prayers/2025-11-24 [32m200[0m 154.537 ms - 63[0m
[0mGET /api/prayers/2025-11-24 [36m304[0m 150.050 ms - -[0m
[0mGET /api/prayers/2025-11-24 [32m[nodemon] restarting child process[39m
[32m[nodemon] starting `node src/index.js`[39m
node:events:496
      throw er; // Unhandled 'error' event
      ^

Error: listen EADDRINUSE: address already in use :::3000
    at Server.setupListenHandle [as _listen2] (node:net:1908:16)
    at listenInCluster (node:net:1965:12)
    at Server.listen (node:net:2067:7)
    at Function.listen (/home/harith/test/prayers-d/server/node_modules/express/lib/application.js:635:24)
    at Object.<anonymous> (/home/harith/test/prayers-d/server/src/index.js:7:5)
    at Module._compile (node:internal/modules/cjs/loader:1469:14)
    at Module._extensions..js (node:internal/modules/cjs/loader:1548:10)
    at Module.load (node:internal/modules/cjs/loader:1288:32)
    at Module._load (node:internal/modules/cjs/loader:1104:12)
    at Function.executeUserEntryPoint [as runMain] (node:internal/modules/run_main:173:12)
Emitted 'error' event on Server instance at:
    at emitErrorNT (node:net:1944:8)
    at process.processTicksAndRejections (node:internal/process/task_queues:82:21) {
  code: 'EADDRINUSE',
  errno: -98,
  syscall: 'listen',
  address: '::',
  port: 3000
}

Node.js v20.18.3
[31m[nodemon] app crashed - waiting for file changes before starting...[39m
[0m
[0mGET /api/prayers/2025-11-24 [0m-[0m - ms - -[0m
[0mGET /api/prayers/2025-11-24 [32m200[0m 151.455 ms - 80[0m
[0mGET /api/prayers/2025-11-24 [36m304[0m 146.419 ms - -[0m
[0mGET /api/prayers/2025-11-24 [36m304[0m 144.635 ms - -[0m
[0mGET /api/prayers/2025-11-24 [36m304[0m 151.948 ms - -[0m
[0mPOST /api/prayers/batch [32m200[0m 149.065 ms - 279[0m
[0mPOST /api/prayers/batch [32m200[0m 152.303 ms - 279[0m
[0mGET /api/prayers [32m200[0m 145.806 ms - 215[0m
[0mGET /api/prayers [36m304[0m 144.457 ms - -[0m
[0mPOST /api/prayers/batch [32m200[0m 147.162 ms - 279[0m
[0mPOST /api/prayers/batch [32m200[0m 148.283 ms - 279[0m
[0mGET /api/prayers/2025-11-24 [36m304[0m 149.217 ms - -[0m
[0mGET /api/prayers/2025-11-24 [36m304[0m 149.729 ms - -[0m
[0mPOST /api/prayers/batch [32m200[0m 148.167 ms - 279[0m
[0mPOST /api/prayers/batch [32m200[0m 151.086 ms - 279[0m
[0mGET /api/prayers [36m304[0m 149.546 ms - -[0m
[0mGET /api/prayers [36m304[0m 147.943 ms - -[0m
[0mPOST /api/prayers/batch [32m200[0m 165.429 ms - 279[0m
[0mPOST /api/prayers/batch [32m200[0m 166.877 ms - 279[0m
[0mGET /api/prayers/2025-11-24 [36m304[0m 150.225 ms - -[0m
[0mGET /api/prayers/2025-11-24 [36m304[0m 154.786 ms - -[0m
[0mPOST /api/prayers/batch [32m200[0m 167.885 ms - 279[0m
[0mPOST /api/prayers/batch [32m200[0m 166.662 ms - 279[0m
[0mGET /api/prayers [36m304[0m 147.454 ms - -[0m
[0mGET /api/prayers [36m304[0m 147.389 ms - -[0m
[0mPOST /api/prayers/batch [32m200[0m 144.227 ms - 279[0m
[0mPOST /api/prayers/batch [32m200[0m 150.328 ms - 279[0m
[0mGET /api/prayers/2025-11-24 [36m304[0m 149.965 ms - -[0m
[0mGET /api/prayers/2025-11-24 [36m304[0m 146.446 ms - -[0m
[0mGET /api/prayers [0m-[0m - ms - -[0m
[0mGET /api/prayers [0m-[0m - ms - -[0m
[0mGET /api/prayers/2025-11-24 [36m304[0m 140.589 ms - -[0m
[0mGET /api/prayers/2025-11-24 [36m304[0m 139.356 ms - -[0m
